=== CIRCT Bug Reproduction Log ===
Date: 2026-01-28
Bug ID: cc714a692aa0

=== Tool Version ===
LLVM (http://llvm.org/):
  LLVM version 22.0.0git
  Optimized build with assertions.
CIRCT 690366b6c
slang version 9.1.0+0

=== Command ===
/edazz/FeatureFuzz-SV/target/circt-1.139.0/bin/circt-verilog --ir-hw /home/zhiqing/edazz/eda-vulns/circt-bassertion_cc714a692aa0_20260125_190720/origin/source.sv

=== Exit Code ===
134

=== Output ===
circt-verilog: /home/zhiqing/edazz/FeatureFuzz-SV/target/circt-1.139.0-src/llvm/mlir/lib/IR/PatternMatch.cpp:156: virtual void mlir::RewriterBase::eraseOp(Operation *): Assertion `op->use_empty() && "expected 'op' to have no uses"' failed.
PLEASE submit a bug report to https://github.com/llvm/circt and include the crash backtrace.
Stack dump:
0.	Program arguments: /edazz/FeatureFuzz-SV/target/circt-1.139.0/bin/circt-verilog --ir-hw /home/zhiqing/edazz/eda-vulns/circt-bassertion_cc714a692aa0_20260125_190720/origin/source.sv
 #0 0x000055e47a5c232f llvm::sys::PrintStackTrace(llvm::raw_ostream&, int)
 #1 0x000055e47a5c32e9 llvm::sys::RunSignalHandlers()
 #2 0x000055e47a5c32e9 SignalHandler(int, siginfo_t*, void*)
 #3 0x00007f65e2c68330 (/lib/x86_64-linux-gnu/libc.so.6+0x45330)
 #4 0x00007f65e2cc1b2c pthread_kill
 #5 0x00007f65e2c6827e raise
 #6 0x00007f65e2c4b8ff abort
 #7 0x00007f65e2c4b81b _nl_load_domain
 #8 0x00007f65e2c5e517 (/lib/x86_64-linux-gnu/libc.so.6+0x3b517)
 #9 0x000055e479491dc3 (/edazz/FeatureFuzz-SV/target/circt-1.139.0/bin/circt-verilog+0x1e2ddc3)
#10 0x000055e4790e6700 circt::replaceOpAndCopyNamehint(mlir::PatternRewriter&, mlir::Operation*, mlir::Value)
#11 0x000055e478cdef4f extractConcatToConcatExtract(circt::comb::ExtractOp, circt::comb::ConcatOp, mlir::PatternRewriter&)
#12 0x000055e478cdef4f circt::comb::ExtractOp::canonicalize(circt::comb::ExtractOp, mlir::PatternRewriter&)
...

=== Reproduction Status ===
REPRODUCED: true
Signature Match: Assertion message and stack trace match original error
