; ModuleID = 'LLVMDialectModule'
source_filename = "LLVMDialectModule"

@_aggregate_const_global = internal constant [4 x i32] zeroinitializer

declare void @exit(i32)

define void @MixPorts_eval(ptr %0) {
  %2 = load [4 x i32], ptr @_aggregate_const_global, align 4
  %3 = load i1, ptr %0, align 1
  %4 = getelementptr i8, ptr %0, i32 4
  %5 = load i1, ptr %4, align 1
  store i1 %3, ptr %4, align 1
  %6 = xor i1 %5, %3
  %7 = and i1 %6, %3
  br i1 %7, label %8, label %25

8:                                                ; preds = %1
  %9 = getelementptr i8, ptr %0, i32 1
  %10 = load i1, ptr %9, align 1
  %11 = xor i1 %10, true
  %12 = getelementptr i8, ptr %0, i32 5
  %13 = load i2, ptr %12, align 1
  %14 = add i2 %13, 1
  %15 = select i1 %11, i2 %14, i2 0
  store i2 %15, ptr %12, align 1
  %16 = getelementptr i8, ptr %0, i32 16
  %17 = load [4 x i32], ptr %16, align 4
  %18 = zext i2 %13 to i32
  %19 = sub i2 -1, %13
  %20 = zext i2 %19 to i3
  %21 = alloca [4 x i32], align 4
  store [4 x i32] %17, ptr %21, align 4
  %22 = getelementptr [4 x i32], ptr %21, i32 0, i3 %20
  store i32 %18, ptr %22, align 4
  %23 = load [4 x i32], ptr %21, align 4
  %24 = select i1 %11, [4 x i32] %23, [4 x i32] %2
  store [4 x i32] %24, ptr %16, align 4
  br label %25

25:                                               ; preds = %8, %1
  %26 = getelementptr i8, ptr %0, i32 2
  %27 = load i1, ptr %26, align 1
  %28 = getelementptr i8, ptr %0, i32 32
  store i1 %27, ptr %28, align 1
  ret void
}

!llvm.module.flags = !{!0}

!0 = !{i32 2, !"Debug Info Version", i32 3}
