; ModuleID = 'LLVMDialectModule'
source_filename = "LLVMDialectModule"

declare void @exit(i32)

define void @MixPorts_eval(ptr %0) {
  %2 = load i1, ptr %0, align 1
  %3 = getelementptr i8, ptr %0, i32 3
  %4 = load i1, ptr %3, align 1
  store i1 %2, ptr %3, align 1
  %5 = xor i1 %4, %2
  %6 = and i1 %5, %2
  br i1 %6, label %7, label %9

7:                                                ; preds = %1
  %8 = getelementptr i8, ptr %0, i32 4
  store i1 false, ptr %8, align 1
  br label %9

9:                                                ; preds = %7, %1
  %10 = getelementptr i8, ptr %0, i32 1
  %11 = load i1, ptr %10, align 1
  %12 = getelementptr i8, ptr %0, i32 5
  store i1 %11, ptr %12, align 1
  %13 = getelementptr i8, ptr %0, i32 4
  %14 = load i1, ptr %13, align 1
  %15 = getelementptr i8, ptr %0, i32 6
  store i1 %14, ptr %15, align 1
  ret void
}

!llvm.module.flags = !{!0}

!0 = !{i32 2, !"Debug Info Version", i32 3}

Exit code: 0
