$ mlir-opt --lower-affine --scf-for-to-while test.mlir | circt-opt --pass-pipeline='builtin.module(lower-scf-to-calyx{top-level-function=test_func})'
PLEASE submit a bug report to https://github.com/llvm/circt and include the crash backtrace.
Stack dump:
0.      Program arguments: circt-opt --pass-pipeline=builtin.module(lower-scf-to-calyx{top-level-function=test_func})
 #0 0x00007f873cb268a8 llvm::sys::PrintStackTrace(llvm::raw_ostream&, int) (/opt/firtool-1.139.0/bin/../lib/libLLVMSupport.so+0x2008a8)
 #1 0x00007f873cb242f5 llvm::sys::RunSignalHandlers() (/opt/firtool-1.139.0/bin/../lib/libLLVMSupport.so+0x1fe2f5)
 #2 0x00007f873cb27631 SignalHandler(int, siginfo_t*, void*) Signals.cpp:0:0
 #3 0x00007f873c634330 (/lib/x86_64-linux-gnu/libc.so.6+0x45330)
 #4 0x00007f873cd6f4f3 mlir::SuccessorRange::SuccessorRange(mlir::Block*) (/opt/firtool-1.139.0/bin/../lib/libMLIRIR.so+0x8f4f3)
 #5 0x00007f8742a254f7 circt::scftocalyx::BuildControl::buildCFGControl(llvm::DenseSet<mlir::Block*, llvm::DenseMapInfo<mlir::Block*, void>>, mlir::PatternRewriter&, mlir::Block*, mlir::Block*, mlir::Block*) const (/opt/firtool-1.139.0/bin/../lib/libCIRCTSCFToCalyx.so+0x644f7)
 #6 0x00007f8742a25256 circt::scftocalyx::BuildControl::partiallyLowerFuncToComp(mlir::func::FuncOp, mlir::PatternRewriter&) const (/opt/firtool-1.139.0/bin/../lib/libCIRCTSCFToCalyx.so+0x64256)
 #7 0x00007f874190798d circt::calyx::FuncOpPartialLoweringPattern::partiallyLower(mlir::func::FuncOp, mlir::PatternRewriter&) const (/opt/firtool-1.139.0/bin/../lib/libCIRCTCalyxTransforms.so+0x1c98d)
 #8 0x00007f8742a1a047 circt::calyx::PartialLoweringPattern<mlir::func::FuncOp, mlir::OpRewritePattern>::matchAndRewrite(mlir::func::FuncOp, mlir::PatternRewriter&) const (/opt/firtool-1.139.0/bin/../lib/libCIRCTSCFToCalyx.so+0x59047)
 #9 0x00007f873f0908ed void llvm::function_ref<void ()>::callback_fn<mlir::PatternApplicator::matchAndRewrite(mlir::Operation*, mlir::PatternRewriter&, llvm::function_ref<bool (mlir::Pattern const&)>, llvm::function_ref<void (mlir::Pattern const&)>, llvm::function_ref<llvm::LogicalResult (mlir::Pattern const&)>)::$_0>(long) PatternApplicator.cpp:0:0
#10 0x00007f873f08d774 mlir::PatternApplicator::matchAndRewrite(mlir::Operation*, mlir::PatternRewriter&, llvm::function_ref<bool (mlir::Pattern const&)>, llvm::function_ref<void (mlir::Pattern const&)>, llvm::function_ref<llvm::LogicalResult (mlir::Pattern const&)>) (/opt/firtool-1.139.0/bin/../lib/libMLIRRewrite.so+0x7774)
#11 0x00007f873f0e54a7 (anonymous namespace)::GreedyPatternRewriteDriver::processWorklist() GreedyPatternRewriteDriver.cpp:0:0
#12 0x00007f873f0e2fd9 mlir::applyPatternsGreedily(mlir::Region&, mlir::FrozenRewritePatternSet const&, mlir::GreedyRewriteConfig, bool*) (/opt/firtool-1.139.0/bin/../lib/libMLIRTransformUtils.so+0x46fd9)
#13 0x00007f8742a14341 circt::(anonymous namespace)::SCFToCalyxPass::runOnOperation() SCFToCalyx.cpp:0:0
#14 0x00007f873ee802a5 mlir::detail::OpToOpPassAdaptor::run(mlir::Pass*, mlir::Operation*, mlir::AnalysisManager, bool, unsigned int) (/opt/firtool-1.139.0/bin/../lib/libMLIRPass.so+0x172a5)
#15 0x00007f873ee837a9 mlir::PassManager::run(mlir::Operation*) (/opt/firtool-1.139.0/bin/../lib/libMLIRPass.so+0x1a7a9)
#16 0x00007f87427de06a performActions(llvm::raw_ostream&, std::shared_ptr<llvm::SourceMgr> const&, mlir::MLIRContext*, mlir::MlirOptMainConfig const&) MlirOptMain.cpp:0:0
#17 0x00007f87427dd1be llvm::LogicalResult llvm::function_ref<llvm::LogicalResult (std::unique_ptr<llvm::MemoryBuffer, std::default_delete<llvm::MemoryBuffer>>, llvm::MemoryBufferRef const&, llvm::raw_ostream&)>::callback_fn<mlir::MlirOptMain(llvm::raw_ostream&, std::unique_ptr<llvm::MemoryBuffer, std::default_delete<llvm::MemoryBuffer>>, mlir::DialectRegistry&, mlir::MlirOptMainConfig const&)::$_0>(long, std::unique_ptr<llvm::MemoryBuffer, std::default_delete<llvm::MemoryBuffer>>, llvm::MemoryBufferRef const&, llvm::raw_ostream&) MlirOptMain.cpp:0:0
#18 0x00007f873ccb5257 mlir::splitAndProcessBuffer(std::unique_ptr<llvm::MemoryBuffer, std::default_delete<llvm::MemoryBuffer>>, llvm::function_ref<llvm::LogicalResult (std::unique_ptr<llvm::MemoryBuffer, std::default_delete<llvm::MemoryBuffer>>, llvm::MemoryBufferRef const&, llvm::raw_ostream&)>, llvm::raw_ostream&, llvm::StringRef, llvm::StringRef) (/opt/firtool-1.139.0/bin/../lib/libMLIRSupport.so+0x27257)
#19 0x00007f87427d34e8 mlir::MlirOptMain(llvm::raw_ostream&, std::unique_ptr<llvm::MemoryBuffer, std::default_delete<llvm::MemoryBuffer>>, mlir::DialectRegistry&, mlir::MlirOptMainConfig const&) (/opt/firtool-1.139.0/bin/../lib/libMLIROptLib.so+0xa4e8)
#20 0x00007f87427d37d6 mlir::MlirOptMain(int, char**, llvm::StringRef, llvm::StringRef, mlir::DialectRegistry&) (/opt/firtool-1.139.0/bin/../lib/libMLIROptLib.so+0xa7d6)
#21 0x00007f87427d3a0d mlir::MlirOptMain(int, char**, llvm::StringRef, mlir::DialectRegistry&) (/opt/firtool-1.139.0/bin/../lib/libMLIROptLib.so+0xaa0d)
#22 0x0000564910fcde10 main (/opt/firtool-1.139.0/bin/circt-opt+0xde10)
#23 0x00007f873c6191ca __libc_start_call_main ./csu/../sysdeps/nptl/libc_start_call_main.h:74:3
#24 0x00007f873c61928b call_init ./csu/../csu/libc-start.c:128:20
#25 0x00007f873c61928b __libc_start_main ./csu/../csu/libc-start.c:347:5
#26 0x0000564910fcd6a5 _start (/opt/firtool-1.139.0/bin/circt-opt+0xd6a5)
[1]    1919292 done                              mlir-opt --lower-affine --scf-for-to-while test.mlir | 
       1919293 segmentation fault (core dumped)  circt-opt 
