========================================
CIRCT Bug Reproduction Report
========================================

Tool Version:
LLVM (http://llvm.org/):
  LLVM version 22.0.0git
  Optimized build.

Original Command:


Reproduced Command:
circt-verilog --ir-hw source.sv | arcilator

========================================
Execution Result:
========================================
; ModuleID = 'LLVMDialectModule'
source_filename = "LLVMDialectModule"

declare void @exit(i32)

define void @combined_mod_eval(ptr %0) {
  %2 = getelementptr i8, ptr %0, i32 8
  %3 = load i64, ptr %2, align 4
  %4 = trunc i64 %3 to i32
  %5 = getelementptr i8, ptr %0, i32 20
  store i32 %4, ptr %5, align 4
  %6 = load i8, ptr %0, align 1
  %7 = trunc i8 %6 to i1
  %8 = zext i1 %7 to i8
  %9 = shl i8 %8, 7
  %10 = getelementptr i8, ptr %0, i32 24
  store i8 %9, ptr %10, align 1
  ret void
}

!llvm.module.flags = !{!0}

!0 = !{i32 2, !"Debug Info Version", i32 3}

Exit code: 0
