=== Reproduction Attempt ===
Timestamp: 2026-01-28T15:54:03+00:00

=== Tool Version ===
LLVM (http://llvm.org/):
  LLVM version 22.0.0git
  Optimized build.
CIRCT firtool-1.139.0
slang version 9.1.0+0

=== Command ===
circt-verilog --ir-hw source.sv | arcilator

=== Output ===
; ModuleID = 'LLVMDialectModule'
source_filename = "LLVMDialectModule"

declare void @exit(i32)

define void @MixedPorts_eval(ptr %0) {
  %2 = load i1, ptr %0, align 1
  %3 = getelementptr i8, ptr %0, i32 2
  store i1 %2, ptr %3, align 1
  ret void
}

!llvm.module.flags = !{!0}

!0 = !{i32 2, !"Debug Info Version", i32 3}

=== Exit Code ===
arcilator exit code: 0

=== Result ===
NO CRASH - Bug may be fixed in current version
