circt-verilog: /home/zhiqing/edazz/FeatureFuzz-SV/target/circt-1.139.0-src/llvm/llvm/../mlir/include/mlir/IR/UseDefLists.h:213: void mlir::IRObjectWithUseList<mlir::OpOperand>::replaceAllUsesWith(ValueT &&) [OperandType = mlir::OpOperand, ValueT = mlir::Value &]: Assertion `(!newValue || this != OperandType::getUseList(newValue)) && "cannot RAUW a value with itself"' failed.
PLEASE submit a bug report to https://github.com/llvm/circt and include the crash backtrace.
Stack dump:
0.	Program arguments: /edazz/FeatureFuzz-SV/target/circt-1.139.0/bin/circt-verilog --ir-hw bug.sv
 #0 llvm::sys::PrintStackTrace(llvm::raw_ostream&, int)
 #1 llvm::sys::RunSignalHandlers()
 #2 SignalHandler(int, siginfo_t*, void*)
 #3 (/lib/x86_64-linux-gnu/libc.so.6+0x45330)
 #4 pthread_kill
 #5 raise
 #6 abort
 #7 _nl_load_domain
 #8 (/lib/x86_64-linux-gnu/libc.so.6+0x3b517)
 #9 llvm::SmallVectorTemplateCommon<(anonymous namespace)::Interval, void>::operator[]
#10 (anonymous namespace)::SigPromoter::isPromotable() Sig2RegPass.cpp:207
#11 (anonymous namespace)::Sig2RegPass::runOnOperation() Sig2RegPass.cpp:361
#12 mlir::detail::OpToOpPassAdaptor::run Pass.cpp
#13 mlir::detail::OpToOpPassAdaptor::runPipeline Pass.cpp:688
#14 mlir::detail::OpToOpPassAdaptor::runOnOperationAsyncImpl Pass.cpp:1004
#15 mlir::PassManager::runPasses Pass.cpp:1123
#16 mlir::PassManager::run Pass.cpp:1097
#17 executeWithSources circt-verilog.cpp:398
#18 execute circt-verilog.cpp:475
#19 main circt-verilog.cpp:528
