== CIRCT Crash Reproduction Log ==
Timestamp: 2026-01-28
Crash ID: 262e85caadac

== Command Used ==
/edazz/FeatureFuzz-SV/target/circt-1.139.0/bin/circt-verilog --ir-hw /home/zhiqing/edazz/eda-vulns/circt-bassertion_262e85caadac_20260125_194131/source.sv

== Reproduction Output ==
circt-verilog: /home/zhiqing/edazz/FeatureFuzz-SV/target/circt-1.139.0-src/llvm/llvm/../mlir/include/mlir/IR/UseDefLists.h:213: void mlir::IRObjectWithUseList<mlir::OpOperand>::replaceAllUsesWith(ValueT &&) [OperandType = mlir::OpOperand, ValueT = mlir::Value &]: Assertion `(!newValue || this != OperandType::getUseList(newValue)) && "cannot RAUW a value with itself"' failed.
PLEASE submit a bug report to https://github.com/llvm/circt and include the crash backtrace.
Stack dump:
0.	Program arguments: /edazz/FeatureFuzz-SV/target/circt-1.139.0/bin/circt-verilog --ir-hw /home/zhiqing/edazz/eda-vulns/circt-bassertion_262e85caadac_20260125_194131/source.sv
 #0 0x00005620ed83332f llvm::sys::PrintStackTrace(llvm::raw_ostream&, int)
 #1 0x00005620ed8342e9 llvm::sys::RunSignalHandlers()
 #2 0x00005620ed8342e9 SignalHandler(int, siginfo_t*, void*)
 #3 0x00007f83cb4a4330 (/lib/x86_64-linux-gnu/libc.so.6+0x45330)
 #4 0x00007f83cb4fdb2c pthread_kill
 #5 0x00007f83cb4fdb2c __pthread_kill_internal
 #6 0x00007f83cb4fdb2c pthread_kill
 #7 0x00007f83cb4a427e raise
 #8 0x00007f83cb4878ff abort
 #9 0x00007f83cb48781b _nl_load_domain
#10 0x00007f83cb49a517 (/lib/x86_64-linux-gnu/libc.so.6+0x3b517)
#11 0x00005620ec10e6e9 (anonymous namespace)::SigPromoter::isPromotable() Sig2RegPass.cpp:207
#12 0x00005620ec10e6e9 (anonymous namespace)::Sig2RegPass::runOnOperation() Sig2RegPass.cpp:361
... (continued in full stack trace below)

== Comparison ==
Original Assertion: Assertion `(!newValue || this != OperandType::getUseList(newValue)) && "cannot RAUW a value with itself"' failed.
Reproduced Assertion: Assertion `(!newValue || this != OperandType::getUseList(newValue)) && "cannot RAUW a value with itself"' failed.
MATCH: YES

Original Failing Pass: Sig2RegPass (LLHD)
Reproduced Failing Pass: Sig2RegPass (LLHD)
MATCH: YES

Original Crash File: UseDefLists.h:213
Reproduced Crash File: UseDefLists.h:213
MATCH: YES

== Conclusion ==
REPRODUCED: YES
The crash signature matches exactly.
