; ModuleID = 'LLVMDialectModule'
source_filename = "LLVMDialectModule"

declare void @exit(i32)

define void @MixedPorts_eval(ptr %0) {
  %2 = getelementptr i8, ptr %0, i32 2
  %3 = load i1, ptr %2, align 1
  %4 = getelementptr i8, ptr %0, i32 3
  %5 = load i1, ptr %4, align 1
  store i1 %3, ptr %4, align 1
  %6 = xor i1 %5, %3
  %7 = and i1 %6, %3
  br i1 %7, label %8, label %11

8:                                                ; preds = %1
  %9 = load i1, ptr %0, align 1
  %10 = getelementptr i8, ptr %0, i32 4
  store i1 %9, ptr %10, align 1
  br label %11

11:                                               ; preds = %8, %1
  %12 = getelementptr i8, ptr %0, i32 4
  %13 = load i1, ptr %12, align 1
  %14 = getelementptr i8, ptr %0, i32 5
  store i1 %13, ptr %14, align 1
  ret void
}

!llvm.module.flags = !{!0}

!0 = !{i32 2, !"Debug Info Version", i32 3}
