<unknown>:0: error: integer bitwidth is limited to 16777215 bits
circt-verilog: /home/zhiqing/edazz/FeatureFuzz-SV/target/circt-1.139.0-src/llvm/mlir/include/mlir/IR/StorageUniquerSupport.h:180: static ConcreteT mlir::detail::StorageUserBase<mlir::IntegerType, mlir::Type, mlir::detail::IntegerTypeStorage, mlir::detail::TypeUniquer, mlir::VectorElementTypeInterface::Trait>::get(MLIRContext *, Args &&...) [ConcreteT = mlir::IntegerType, BaseT = mlir::Type, StorageT = mlir::detail::IntegerTypeStorage, UniquerT = mlir::detail::TypeUniquer, Traits = <mlir::VectorElementTypeInterface::Trait>, Args = <unsigned int &, mlir::IntegerType::SignednessSemantics &>]: Assertion `succeeded( ConcreteT::verifyInvariants(getDefaultDiagnosticEmitFn(ctx), args...))' failed.
PLEASE submit a bug report to https://github.com/llvm/circt and include the crash backtrace.
Stack dump:
0.	Program arguments: /edazz/FeatureFuzz-SV/target/circt-1.139.0/bin/circt-verilog --ir-hw /home/zhiqing/edazz/eda-vulns/circt-bc260129-0000193b/origin/bug.sv
 #0 0x000055b1e170732f llvm::sys::PrintStackTrace(llvm::raw_ostream&, int) /home/zhiqing/edazz/FeatureFuzz-SV/target/circt-1.139.0-src/llvm/llvm/lib/Support/Unix/Signals.inc:842:13
 #1 0x000055b1e17082e9 llvm::sys::RunSignalHandlers() /home/zhiqing/edazz/FeatureFuzz-SV/target/circt-1.139.0-src/llvm/llvm/lib/Support/Signals.cpp:109:18
 #2 0x000055b1e17082e9 SignalHandler(int, siginfo_t*, void*) /home/zhiqing/edazz/FeatureFuzz-SV/target/circt-1.139.0-src/llvm/llvm/lib/Support/Unix/Signals.inc:412:3
 #3 0x00007f7f4c301330 (/lib/x86_64-linux-gnu/libc.so.6+0x45330)
 #4 0x00007f7f4c35ab2c __pthread_kill_implementation ./nptl/pthread_kill.c:44:76
 #5 0x00007f7f4c35ab2c __pthread_kill_internal ./nptl/pthread_kill.c:78:10
 #6 0x00007f7f4c35ab2c pthread_kill ./nptl/pthread_kill.c:89:10
 #7 0x00007f7f4c30127e raise ./signal/../sysdeps/posix/raise.c:27:6
 #8 0x00007f7f4c2e48ff abort ./stdlib/abort.c:81:7
 #9 0x00007f7f4c2e481b _nl_load_domain ./intl/loadmsgcat.c:1177:9
#10 0x00007f7f4c2f7517 (/lib/x86_64-linux-gnu/libc.so.6+0x3b517)
#11 0x000055b1e05a9f01 (/edazz/FeatureFuzz-SV/target/circt-1.139.0/bin/circt-verilog+0x1e00f01)
#12 0x000055b1e05a9cea mlir::IntegerType::get(mlir::MLIRContext*, unsigned int, mlir::IntegerType::SignednessSemantics) /home/zhiqing/edazz/FeatureFuzz-SV/target/circt-1.139.0-src/llvm/mlir/lib/IR/MLIRContext.cpp:1101:1
#13 0x000055b1dffcc429 (anonymous namespace)::Promoter::insertBlockArgs((anonymous namespace)::BlockEntry*) /home/zhiqing/edazz/FeatureFuzz-SV/target/circt-1.139.0-src/lib/Dialect/LLHD/Transforms/Mem2Reg.cpp:1742:35
#14 0x000055b1dffcc429 (anonymous namespace)::Promoter::insertBlockArgs() /home/zhiqing/edazz/FeatureFuzz-SV/target/circt-1.139.0-src/lib/Dialect/LLHD/Transforms/Mem2Reg.cpp:1654:28
#15 0x000055b1dffcc429 (anonymous namespace)::Promoter::promote() /home/zhiqing/edazz/FeatureFuzz-SV/target/circt-1.139.0-src/lib/Dialect/LLHD/Transforms/Mem2Reg.cpp:764:3
#16 0x000055b1dffc4202 (anonymous namespace)::Mem2RegPass::runOnOperation() /home/zhiqing/edazz/FeatureFuzz-SV/target/circt-1.139.0-src/lib/Dialect/LLHD/Transforms/Mem2Reg.cpp:1844:34
#17 0x000055b1e13955a2 mlir::detail::OpToOpPassAdaptor::run(mlir::Pass*, mlir::Operation*, mlir::AnalysisManager, bool, unsigned int)::$_3::operator()() const /home/zhiqing/edazz/FeatureFuzz-SV/target/circt-1.139.0-src/llvm/mlir/lib/Pass/Pass.cpp:0:19
#18 0x000055b1e13955a2 void llvm::function_ref<void ()>::callback_fn<mlir::detail::OpToOpPassAdaptor::run(mlir::Pass*, mlir::Operation*, mlir::AnalysisManager, bool, unsigned int)::$_3>(long) /home/zhiqing/edazz/FeatureFuzz-SV/target/circt-1.139.0-src/llvm/llvm/include/llvm/ADT/STLFunctionalExtras.h:46:12
#19 0x000055b1e13872b1 mlir::detail::OpToOpPassAdaptor::run(mlir::Pass*, mlir::Operation*, mlir::AnalysisManager, bool, unsigned int) /home/zhiqing/edazz/FeatureFuzz-SV/target/circt-1.139.0-src/llvm/mlir/lib/Pass/Pass.cpp:619:17
#20 0x000055b1e138827f llvm::failed(llvm::LogicalResult) /home/zhiqing/edazz/FeatureFuzz-SV/target/circt-1.139.0-src/llvm/llvm/include/llvm/Support/LogicalResult.h:0:0
#21 0x000055b1e138827f mlir::detail::OpToOpPassAdaptor::runPipeline(mlir::OpPassManager&, mlir::Operation*, mlir::AnalysisManager, bool, unsigned int, mlir::PassInstrumentor*, mlir::PassInstrumentation::PipelineParentInfo const*) /home/zhiqing/edazz/FeatureFuzz-SV/target/circt-1.139.0-src/llvm/mlir/lib/Pass/Pass.cpp:688:9
#22 0x000055b1e1397caa llvm::failed(llvm::LogicalResult) /home/zhiqing/edazz/FeatureFuzz-SV/target/circt-1.139.0-src/llvm/llvm/include/llvm/Support/LogicalResult.h:0:0
#23 0x000055b1e1397caa mlir::detail::OpToOpPassAdaptor::runOnOperationAsyncImpl(bool)::$_12::operator()(mlir::detail::OpToOpPassAdaptor::runOnOperationAsyncImpl(bool)::OpPMInfo&) const /home/zhiqing/edazz/FeatureFuzz-SV/target/circt-1.139.0-src/llvm/mlir/lib/Pass/Pass.cpp:1004:9
#24 0x000055b1e1397caa auto void mlir::parallelForEach<__gnu_cxx::__normal_iterator<mlir::detail::OpToOpPassAdaptor::runOnOperationAsyncImpl(bool)::OpPMInfo*, std::vector<mlir::detail::OpToOpPassAdaptor::runOnOperationAsyncImpl(bool)::OpPMInfo, std::allocator<mlir::detail::OpToOpPassAdaptor::runOnOperationAsyncImpl(bool)::OpPMInfo>>>, mlir::detail::OpToOpPassAdaptor::runOnOperationAsyncImpl(bool)::$_12>(mlir::MLIRContext*, __gnu_cxx::__normal_iterator<mlir::detail::OpToOpPassAdaptor::runOnOperationAsyncImpl(bool)::OpPMInfo*, std::vector<mlir::detail::OpToOpPassAdaptor::runOnOperationAsyncImpl(bool)::OpPMInfo, std::allocator<mlir::detail::OpToOpPassAdaptor::runOnOperationAsyncImpl(bool)::OpPMInfo>>>, __gnu_cxx::__normal_iterator<mlir::detail::OpToOpPassAdaptor::runOnOperationAsyncImpl(bool)::OpPMInfo*, std::vector<mlir::detail::OpToOpPassAdaptor::runOnOperationAsyncImpl(bool)::OpPMInfo, std::allocator<mlir::detail::OpToOpPassAdaptor::runOnOperationAsyncImpl(bool)::OpPMInfo>>>, mlir::detail::OpToOpPassAdaptor::runOnOperationAsyncImpl(bool)::$_12&&)::'lambda'(__gnu_cxx::__normal_iterator<mlir::detail::OpToOpPassAdaptor::runOnOperationAsyncImpl(bool)::OpPMInfo*, std::vector<mlir::detail::OpToOpPassAdaptor::runOnOperationAsyncImpl(bool)::OpPMInfo, std::allocator<mlir::detail::OpToOpPassAdaptor::runOnOperationAsyncImpl(bool)::OpPMInfo>>>&&)::operator()<mlir::detail::OpToOpPassAdaptor::runOnOperationAsyncImpl(bool)::OpPMInfo&>(__gnu_cxx::__normal_iterator<mlir::detail::OpToOpPassAdaptor::runOnOperationAsyncImpl(bool)::OpPMInfo*, std::vector<mlir::detail::OpToOpPassAdaptor::runOnOperationAsyncImpl(bool)::OpPMInfo, std::allocator<mlir::detail::OpToOpPassAdaptor::runOnOperationAsyncImpl(bool)::OpPMInfo>>>&&) const /home/zhiqing/edazz/FeatureFuzz-SV/target/circt-1.139.0-src/llvm/mlir/include/mlir/IR/Threading.h:120:12
