<unknown>:0: error: state type must have a known bit width; got '!llhd.ref<i1>'
arcilator: /home/zhiqing/edazz/FeatureFuzz-SV/target/circt-1.139.0-src/llvm/llvm/../mlir/include/mlir/IR/StorageUniquerSupport.h:180: static ConcreteT mlir::detail::StorageUserBase<circt::arc::StateType, mlir::Type, circt::arc::detail::StateTypeStorage, mlir::detail::TypeUniquer>::get(MLIRContext *, Args &&...) [ConcreteT = circt::arc::StateType, BaseT = mlir::Type, StorageT = circt::arc::detail::StateTypeStorage, UniquerT = mlir::detail::TypeUniquer, Traits = <>, Args = <mlir::Type &>]: Assertion `succeeded( ConcreteT::verifyInvariants(getDefaultDiagnosticEmitFn(ctx), args...))' failed.
PLEASE submit a bug report to https://github.com/llvm/llvm-project/issues/ and include the crash backtrace and instructions to reproduce the bug.
Stack dump:
0.	Program arguments: /edazz/FeatureFuzz-SV/target/circt-1.139.0/bin/arcilator
 #0 0x00005563c817f23f llvm::sys::PrintStackTrace(llvm::raw_ostream&, int) /home/zhiqing/edazz/FeatureFuzz-SV/target/circt-1.139.0-src/llvm/llvm/lib/Support/Unix/Signals.inc:842:13
 #1 0x00005563c8180379 llvm::sys::RunSignalHandlers() /home/zhiqing/edazz/FeatureFuzz-SV/target/circt-1.139.0-src/llvm/llvm/lib/Support/Signals.cpp:109:18
 #2 0x00005563c8180379 SignalHandler(int, siginfo_t*, void*) /home/zhiqing/edazz/FeatureFuzz-SV/target/circt-1.139.0-src/llvm/llvm/lib/Support/Unix/Signals.inc:412:3
 #3 0x00007f9c79849330 (/lib/x86_64-linux-gnu/libc.so.6+0x45330)
 #4 0x00007f9c798a2b2c __pthread_kill_implementation ./nptl/pthread_kill.c:44:76
 #5 0x00007f9c798a2b2c __pthread_kill_internal ./nptl/pthread_kill.c:78:10
 #6 0x00007f9c798a2b2c pthread_kill ./nptl/pthread_kill.c:89:10
 #7 0x00007f9c7984927e raise ./signal/../sysdeps/posix/raise.c:27:6
 #8 0x00007f9c7982c8ff abort ./stdlib/abort.c:81:7
 #9 0x00007f9c7982c81b _nl_load_domain ./intl/loadmsgcat.c:1177:9
#10 0x00007f9c7983f517 (/lib/x86_64-linux-gnu/libc.so.6+0x3b517)
#11 0x00005563c88d0bbc (/edazz/FeatureFuzz-SV/target/circt-1.139.0/bin/arcilator+0x7dd5bbc)
#12 0x00005563c88d0ae9 circt::arc::StateType::get(mlir::Type) /home/zhiqing/edazz/FeatureFuzz-SV/target/circt-1.139.0-src/build/tools/circt/include/circt/Dialect/Arc/ArcTypes.cpp.inc:108:3
#13 0x00005563c893bf5c (anonymous namespace)::ModuleLowering::run() /home/zhiqing/edazz/FeatureFuzz-SV/target/circt-1.139.0-src/lib/Dialect/Arc/Transforms/LowerState.cpp:219:66
#14 0x00005563c893bf5c (anonymous namespace)::LowerStatePass::runOnOperation() /home/zhiqing/edazz/FeatureFuzz-SV/target/circt-1.139.0-src/lib/Dialect/Arc/Transforms/LowerState.cpp:1198:41
#15 0x00005563cc2d2782 mlir::detail::OpToOpPassAdaptor::run(mlir::Pass*, mlir::Operation*, mlir::AnalysisManager, bool, unsigned int)::$_3::operator()() const /home/zhiqing/edazz/FeatureFuzz-SV/target/circt-1.139.0-src/llvm/mlir/lib/Pass/Pass.cpp:0:19
#16 0x00005563cc2d2782 void llvm::function_ref<void ()>::callback_fn<mlir::detail::OpToOpPassAdaptor::run(mlir::Pass*, mlir::Operation*, mlir::AnalysisManager, bool, unsigned int)::$_3>(long) /home/zhiqing/edazz/FeatureFuzz-SV/target/circt-1.139.0-src/llvm/llvm/include/llvm/ADT/STLFunctionalExtras.h:46:12
#17 0x00005563cc2c47b1 mlir::detail::OpToOpPassAdaptor::run(mlir::Pass*, mlir::Operation*, mlir::AnalysisManager, bool, unsigned int) /home/zhiqing/edazz/FeatureFuzz-SV/target/circt-1.139.0-src/llvm/mlir/lib/Pass/Pass.cpp:619:17
#18 0x00005563cc2c577f llvm::failed(llvm::LogicalResult) /home/zhiqing/edazz/FeatureFuzz-SV/target/circt-1.139.0-src/llvm/llvm/include/llvm/Support/LogicalResult.h:0:0
#19 0x00005563cc2c577f mlir::detail::OpToOpPassAdaptor::runPipeline(mlir::OpPassManager&, mlir::Operation*, mlir::AnalysisManager, bool, unsigned int, mlir::PassInstrumentor*, mlir::PassInstrumentation::PipelineParentInfo const*) /home/zhiqing/edazz/FeatureFuzz-SV/target/circt-1.139.0-src/llvm/mlir/lib/Pass/Pass.cpp:688:9
#20 0x00005563cc2cf1e9 mlir::PassManager::runPasses(mlir::Operation*, mlir::AnalysisManager) /home/zhiqing/edazz/FeatureFuzz-SV/target/circt-1.139.0-src/llvm/mlir/lib/Pass/Pass.cpp:1123:3
#21 0x00005563cc2ce431 mlir::PassManager::run(mlir::Operation*) /home/zhiqing/edazz/FeatureFuzz-SV/target/circt-1.139.0-src/llvm/mlir/lib/Pass/Pass.cpp:1097:0
#22 0x00005563c80a82d3 processBuffer(mlir::MLIRContext&, mlir::TimingScope&, llvm::SourceMgr&, std::optional<std::unique_ptr<llvm::ToolOutputFile, std::default_delete<llvm::ToolOutputFile>>>&) /home/zhiqing/edazz/FeatureFuzz-SV/target/circt-1.139.0-src/tools/arcilator/arcilator.cpp:330:7
#23 0x00005563c80a7395 processInputSplit(mlir::MLIRContext&, mlir::TimingScope&, std::unique_ptr<llvm::MemoryBuffer, std::default_delete<llvm::MemoryBuffer>>, std::optional<std::unique_ptr<llvm::ToolOutputFile, std::default_delete<llvm::ToolOutputFile>>>&) /home/zhiqing/edazz/FeatureFuzz-SV/target/circt-1.139.0-src/tools/arcilator/arcilator.cpp:546:12
#24 0x00005563c80a47b4 processInput(mlir::MLIRContext&, mlir::TimingScope&, std::unique_ptr<llvm::MemoryBuffer, std::default_delete<llvm::MemoryBuffer>>, std::optional<std::unique_ptr<llvm::ToolOutputFile, std::default_delete<llvm::ToolOutputFile>>>&) /home/zhiqing/edazz/FeatureFuzz-SV/target/circt-1.139.0-src/tools/arcilator/arcilator.cpp:562:12
#25 0x00005563c80a47b4 executeArcilator(mlir::MLIRContext&) /home/zhiqing/edazz/FeatureFuzz-SV/target/circt-1.139.0-src/tools/arcilator/arcilator.cpp:629:14
#26 0x00005563c80a3e0e llvm::LogicalResult::failed() const /home/zhiqing/edazz/FeatureFuzz-SV/target/circt-1.139.0-src/llvm/llvm/include/llvm/Support/LogicalResult.h:43:42
#27 0x00005563c80a3e0e llvm::failed(llvm::LogicalResult) /home/zhiqing/edazz/FeatureFuzz-SV/target/circt-1.139.0-src/llvm/llvm/include/llvm/Support/LogicalResult.h:71:58
#28 0x00005563c80a3e0e main /home/zhiqing/edazz/FeatureFuzz-SV/target/circt-1.139.0-src/tools/arcilator/arcilator.cpp:697:8
#29 0x00007f9c7982e1ca __libc_start_call_main ./csu/../sysdeps/nptl/libc_start_call_main.h:74:3
#30 0x00007f9c7982e28b call_init ./csu/../csu/libc-start.c:128:20
#31 0x00007f9c7982e28b __libc_start_main ./csu/../csu/libc-start.c:347:5
#32 0x00005563c80a3165 _start (/edazz/FeatureFuzz-SV/target/circt-1.139.0/bin/arcilator+0x75a8165)
