circt-verilog: /home/zhiqing/edazz/FeatureFuzz-SV/target/circt-1.139.0-src/llvm/llvm/../mlir/include/mlir/IR/UseDefLists.h:213: void mlir::IRObjectWithUseList<mlir::OpOperand>::replaceAllUsesWith(ValueT &&) [OperandType = mlir::OpOperand, ValueT = mlir::Value &]: Assertion `(!newValue || this != OperandType::getUseList(newValue)) && "cannot RAUW a value with itself"' failed.
PLEASE submit a bug report to https://github.com/llvm/circt and include the crash backtrace.
Stack dump:
0.	Program arguments: /edazz/FeatureFuzz-SV/target/circt-1.139.0/bin/circt-verilog --ir-hw source.sv
 #0 0x000055ab2f90b32f llvm::sys::PrintStackTrace(llvm::raw_ostream&, int) /home/zhiqing/edazz/FeatureFuzz-SV/target/circt-1.139.0-src/llvm/llvm/lib/Support/Unix/Signals.inc:842:13
 #1 0x000055ab2f90c2e9 llvm::sys::RunSignalHandlers() /home/zhiqing/edazz/FeatureFuzz-SV/target/circt-1.139.0-src/llvm/llvm/lib/Support/Signals.cpp:109:18
 #2 0x000055ab2f90c2e9 SignalHandler(int, siginfo_t*, void*) /home/zhiqing/edazz/FeatureFuzz-SV/target/circt-1.139.0-src/llvm/llvm/lib/Support/Unix/Signals.inc:412:3
 #3 0x00007f1bdcb77330 (/lib/x86_64-linux-gnu/libc.so.6+0x45330)
 #4 0x00007f1bdcbd0b2c __pthread_kill_implementation ./nptl/pthread_kill.c:44:76
 #5 0x00007f1bdcbd0b2c __pthread_kill_internal ./nptl/pthread_kill.c:78:10
 #6 0x00007f1bdcbd0b2c pthread_kill ./nptl/pthread_kill.c:89:10
 #7 0x00007f1bdcb7727e raise ./signal/../sysdeps/posix/raise.c:27:6
 #8 0x00007f1bdcb5a8ff abort ./stdlib/abort.c:81:7
 #9 0x00007f1bdcb5a81b _nl_load_domain ./intl/loadmsgcat.c:1177:9
#10 0x00007f1bdcb6d517 (/lib/x86_64-linux-gnu/libc.so.6+0x3b517)
#11 0x000055ab2e1e66e9 llvm::SmallVectorTemplateCommon<(anonymous namespace)::Interval, void>::operator[](unsigned long) /home/zhiqing/edazz/FeatureFuzz-SV/target/circt-1.139.0-src/llvm/llvm/include/llvm/ADT/SmallVector.h:295:5
#12 0x000055ab2e1e66e9 (anonymous namespace)::SigPromoter::isPromotable() /home/zhiqing/edazz/FeatureFuzz-SV/target/circt-1.139.0-src/lib/Dialect/LLHD/Transforms/Sig2RegPass.cpp:207:11
#13 0x000055ab2e1e66e9 (anonymous namespace)::Sig2RegPass::runOnOperation() /home/zhiqing/edazz/FeatureFuzz-SV/target/circt-1.139.0-src/lib/Dialect/LLHD/Transforms/Sig2RegPass.cpp:361:58
#14 0x000055ab2f5995a2 mlir::detail::OpToOpPassAdaptor::run(mlir::Pass*, mlir::Operation*, mlir::AnalysisManager, bool, unsigned int)::$_3::operator()() const /home/zhiqing/edazz/FeatureFuzz-SV/target/circt-1.139.0-src/llvm/mlir/lib/Pass/Pass.cpp:0:19
#15 0x000055ab2f5995a2 void llvm::function_ref<void ()>::callback_fn<mlir::detail::OpToOpPassAdaptor::run(mlir::Pass*, mlir::Operation*, mlir::AnalysisManager, bool, unsigned int)::$_3>(long) /home/zhiqing/edazz/FeatureFuzz-SV/target/circt-1.139.0-src/llvm/llvm/include/llvm/ADT/STLFunctionalExtras.h:46:12
#16 0x000055ab2f58b2b1 mlir::detail::OpToOpPassAdaptor::run(mlir::Pass*, mlir::Operation*, mlir::AnalysisManager, bool, unsigned int) /home/zhiqing/edazz/FeatureFuzz-SV/target/circt-1.139.0-src/llvm/mlir/lib/Pass/Pass.cpp:619:17
#17 0x000055ab2f58c27f llvm::failed(llvm::LogicalResult) /home/zhiqing/edazz/FeatureFuzz-SV/target/circt-1.139.0-src/llvm/llvm/include/llvm/Support/LogicalResult.h:0:0
#18 0x000055ab2f58c27f mlir::detail::OpToOpPassAdaptor::runPipeline(mlir::OpPassManager&, mlir::Operation*, mlir::AnalysisManager, bool, unsigned int, mlir::PassInstrumentor*, mlir::PassInstrumentation::PipelineParentInfo const*) /home/zhiqing/edazz/FeatureFuzz-SV/target/circt-1.139.0-src/llvm/mlir/lib/Pass/Pass.cpp:688:9
#19 0x000055ab2f59bcaa llvm::failed(llvm::LogicalResult) /home/zhiqing/edazz/FeatureFuzz-SV/target/circt-1.139.0-src/llvm/llvm/include/llvm/Support/LogicalResult.h:0:0
#20 0x000055ab2f59bcaa mlir::detail::OpToOpPassAdaptor::runOnOperationAsyncImpl(bool)::$_12::operator()(mlir::detail::OpToOpPassAdaptor::runOnOperationAsyncImpl(bool)::OpPMInfo&) const /home/zhiqing/edazz/FeatureFuzz-SV/target/circt-1.139.0-src/llvm/mlir/lib/Pass/Pass.cpp:1004:9
#21 0x000055ab2f59bcaa auto void mlir::parallelForEach<__gnu_cxx::__normal_iterator<mlir::detail::OpToOpPassAdaptor::runOnOperationAsyncImpl(bool)::OpPMInfo*, std::vector<mlir::detail::OpToOpPassAdaptor::runOnOperationAsyncImpl(bool)::OpPMInfo, std::allocator<mlir::detail::OpToOpPassAdaptor::runOnOperationAsyncImpl(bool)::OpPMInfo>>>, mlir::detail::OpToOpPassAdaptor::runOnOperationAsyncImpl(bool)::$_12>(mlir::MLIRContext*, __gnu_cxx::__normal_iterator<mlir::detail::OpToOpPassAdaptor::runOnOperationAsyncImpl(bool)::OpPMInfo*, std::vector<mlir::detail::OpToOpPassAdaptor::runOnOperationAsyncImpl(bool)::OpPMInfo, std::allocator<mlir::detail::OpToOpPassAdaptor::runOnOperationAsyncImpl(bool)::OpPMInfo>>>, __gnu_cxx::__normal_iterator<mlir::detail::OpToOpPassAdaptor::runOnOperationAsyncImpl(bool)::OpPMInfo*, std::vector<mlir::detail::OpToOpPassAdaptor::runOnOperationAsyncImpl(bool)::OpPMInfo, std::allocator<mlir::detail::OpToOpPassAdaptor::runOnOperationAsyncImpl(bool)::OpPMInfo>>>, mlir::detail::OpToOpPassAdaptor::runOnOperationAsyncImpl(bool)::$_12&&)::'lambda'(__gnu_cxx::__normal_iterator<mlir::detail::OpToOpPassAdaptor::runOnOperationAsyncImpl(bool)::OpPMInfo*, std::vector<mlir::detail::OpToOpPassAdaptor::runOnOperationAsyncImpl(bool)::OpPMInfo, std::allocator<mlir::detail::OpToOpPassAdaptor::runOnOperationAsyncImpl(bool)::OpPMInfo>>>&&)::operator()<mlir::detail::OpToOpPassAdaptor::runOnOperationAsyncImpl(bool)::OpPMInfo&>(__gnu_cxx::__normal_iterator<mlir::detail::OpToOpPassAdaptor::runOnOperationAsyncImpl(bool)::OpPMInfo*, std::vector<mlir::detail::OpToOpPassAdaptor::runOnOperationAsyncImpl(bool)::OpPMInfo, std::allocator<mlir::detail::OpToOpPassAdaptor::runOnOperationAsyncImpl(bool)::OpPMInfo>>>&&) const /home/zhiqing/edazz/FeatureFuzz-SV/target/circt-1.139.0-src/llvm/mlir/include/mlir/IR/Threading.h:120:12
#22 0x000055ab2f58fb02 llvm::failed(llvm::LogicalResult) /home/zhiqing/edazz/FeatureFuzz-SV/target/circt-1.139.0-src/llvm/llvm/include/llvm/Support/LogicalResult.h:0:0
#23 0x000055ab2f58fb02 llvm::LogicalResult mlir::failableParallelForEach<__gnu_cxx::__normal_iterator<mlir::detail::OpToOpPassAdaptor::runOnOperationAsyncImpl(bool)::OpPMInfo*, std::vector<mlir::detail::OpToOpPassAdaptor::runOnOperationAsyncImpl(bool)::OpPMInfo, std::allocator<mlir::detail::OpToOpPassAdaptor::runOnOperationAsyncImpl(bool)::OpPMInfo>>>, void mlir::parallelForEach<__gnu_cxx::__normal_iterator<mlir::detail::OpToOpPassAdaptor::runOnOperationAsyncImpl(bool)::OpPMInfo*, std::vector<mlir::detail::OpToOpPassAdaptor::runOnOperationAsyncImpl(bool)::OpPMInfo, std::allocator<mlir::detail::OpToOpPassAdaptor::runOnOperationAsyncImpl(bool)::OpPMInfo>>>, mlir::detail::OpToOpPassAdaptor::runOnOperationAsyncImpl(bool)::$_12>(mlir::MLIRContext*, __gnu_cxx::__normal_iterator<mlir::detail::OpToOpPassAdaptor::runOnOperationAsyncImpl(bool)::OpPMInfo*, std::vector<mlir::detail::OpToOpPassAdaptor::runOnOperationAsyncImpl(bool)::OpPMInfo, std::allocator<mlir::detail::OpToOpPassAdaptor::runOnOperationAsyncImpl(bool)::OpPMInfo>>>, __gnu_cxx::__normal_iterator<mlir::detail::OpToOpPassAdaptor::runOnOperationAsyncImpl(bool)::OpPMInfo*, std::vector<mlir::detail::OpToOpPassAdaptor::runOnOperationAsyncImpl(bool)::OpPMInfo, std::allocator<mlir::detail::OpToOpPassAdaptor::runOnOperationAsyncImpl(bool)::OpPMInfo>>>, mlir::detail::OpToOpPassAdaptor::runOnOperationAsyncImpl(bool)::$_12&&)::'lambda'(__gnu_cxx::__normal_iterator<mlir::detail::OpToOpPassAdaptor::runOnOperationAsyncImpl(bool)::OpPMInfo*, std::vector<mlir::detail::OpToOpPassAdaptor::runOnOperationAsyncImpl(bool)::OpPMInfo, std::allocator<mlir::detail::OpToOpPassAdaptor::runOnOperationAsyncImpl(bool)::OpPMInfo>>>&&)>(mlir::MLIRContext*, __gnu_cxx::__normal_iterator<mlir::detail::OpToOpPassAdaptor::runOnOperationAsyncImpl(bool)::OpPMInfo*, std::vector<mlir::detail::OpToOpPassAdaptor::runOnOperationAsyncImpl(bool)::OpPMInfo, std::allocator<mlir::detail::OpToOpPassAdaptor::runOnOperationAsyncImpl(bool)::OpPMInfo>>>, __gnu_cxx::__normal_iterator<mlir::detail::OpToOpPassAdaptor::runOnOperationAsyncImpl(bool)::OpPMInfo*, std::vector<mlir::detail::OpToOpPassAdaptor::runOnOperationAsyncImpl(bool)::OpPMInfo, std::allocator<mlir::detail::OpToOpPassAdaptor::runOnOperationAsyncImpl(bool)::OpPMInfo>>>, mlir::detail::OpToOpPassAdaptor::runOnOperationAsyncImpl(bool)::$_12&&) /home/zhiqing/edazz/FeatureFuzz-SV/target/circt-1.139.0-src/llvm/mlir/include/mlir/IR/Threading.h:46:11
#24 0x000055ab2f58fb02 void mlir::parallelForEach<__gnu_cxx::__normal_iterator<mlir::detail::OpToOpPassAdaptor::runOnOperationAsyncImpl(bool)::OpPMInfo*, std::vector<mlir::detail::OpToOpPassAdaptor::runOnOperationAsyncImpl(bool)::OpPMInfo, std::allocator<mlir::detail::OpToOpPassAdaptor::runOnOperationAsyncImpl(bool)::OpPMInfo>>>, mlir::detail::OpToOpPassAdaptor::runOnOperationAsyncImpl(bool)::$_12>(mlir::MLIRContext*, __gnu_cxx::__normal_iterator<mlir::detail::OpToOpPassAdaptor::runOnOperationAsyncImpl(bool)::OpPMInfo*, std::vector<mlir::detail::OpToOpPassAdaptor::runOnOperationAsyncImpl(bool)::OpPMInfo, std::allocator<mlir::detail::OpToOpPassAdaptor::runOnOperationAsyncImpl(bool)::OpPMInfo>>>, __gnu_cxx::__normal_iterator<mlir::detail::OpToOpPassAdaptor::runOnOperationAsyncImpl(bool)::OpPMInfo*, std::vector<mlir::detail::OpToOpPassAdaptor::runOnOperationAsyncImpl(bool)::OpPMInfo, std::allocator<mlir::detail::OpToOpPassAdaptor::runOnOperationAsyncImpl(bool)::OpPMInfo>>>, mlir::detail::OpToOpPassAdaptor::runOnOperationAsyncImpl(bool)::$_12&&) /home/zhiqing/edazz/FeatureFuzz-SV/target/circt-1.139.0-src/llvm/mlir/include/mlir/IR/Threading.h:119:9
#25 0x000055ab2f58fb02 void mlir::parallelForEach<std::vector<mlir::detail::OpToOpPassAdaptor::runOnOperationAsyncImpl(bool)::OpPMInfo, std::allocator<mlir::detail::OpToOpPassAdaptor::runOnOperationAsyncImpl(bool)::OpPMInfo>>&, mlir::detail::OpToOpPassAdaptor::runOnOperationAsyncImpl(bool)::$_12>(mlir::MLIRContext*, std::vector<mlir::detail::OpToOpPassAdaptor::runOnOperationAsyncImpl(bool)::OpPMInfo, std::allocator<mlir::detail::OpToOpPassAdaptor::runOnOperationAsyncImpl(bool)::OpPMInfo>>&, mlir::detail::OpToOpPassAdaptor::runOnOperationAsyncImpl(bool)::$_12&&) /home/zhiqing/edazz/FeatureFuzz-SV/target/circt-1.139.0-src/llvm/mlir/include/mlir/IR/Threading.h:131:3
#26 0x000055ab2f58fb02 mlir::detail::OpToOpPassAdaptor::runOnOperationAsyncImpl(bool) /home/zhiqing/edazz/FeatureFuzz-SV/target/circt-1.139.0-src/llvm/mlir/lib/Pass/Pass.cpp:991:3
#27 0x000055ab2f599594 mlir::detail::OpToOpPassAdaptor::runOnOperation(bool) /home/zhiqing/edazz/FeatureFuzz-SV/target/circt-1.139.0-src/llvm/mlir/lib/Pass/Pass.cpp:0:5
#28 0x000055ab2f599594 mlir::detail::OpToOpPassAdaptor::run(mlir::Pass*, mlir::Operation*, mlir::AnalysisManager, bool, unsigned int)::$_3::operator()() const /home/zhiqing/edazz/FeatureFuzz-SV/target/circt-1.139.0-src/llvm/mlir/lib/Pass/Pass.cpp:610:22
#29 0x000055ab2f599594 void llvm::function_ref<void ()>::callback_fn<mlir::detail::OpToOpPassAdaptor::run(mlir::Pass*, mlir::Operation*, mlir::AnalysisManager, bool, unsigned int)::$_3>(long) /home/zhiqing/edazz/FeatureFuzz-SV/target/circt-1.139.0-src/llvm/llvm/include/llvm/ADT/STLFunctionalExtras.h:46:12
#30 0x000055ab2f58b2b1 mlir::detail::OpToOpPassAdaptor::run(mlir::Pass*, mlir::Operation*, mlir::AnalysisManager, bool, unsigned int) /home/zhiqing/edazz/FeatureFuzz-SV/target/circt-1.139.0-src/llvm/mlir/lib/Pass/Pass.cpp:619:17
#31 0x000055ab2f58c27f llvm::failed(llvm::LogicalResult) /home/zhiqing/edazz/FeatureFuzz-SV/target/circt-1.139.0-src/llvm/llvm/include/llvm/Support/LogicalResult.h:0:0
#32 0x000055ab2f58c27f mlir::detail::OpToOpPassAdaptor::runPipeline(mlir::OpPassManager&, mlir::Operation*, mlir::AnalysisManager, bool, unsigned int, mlir::PassInstrumentor*, mlir::PassInstrumentation::PipelineParentInfo const*) /home/zhiqing/edazz/FeatureFuzz-SV/target/circt-1.139.0-src/llvm/mlir/lib/Pass/Pass.cpp:688:9
#33 0x000055ab2f595ce9 mlir::PassManager::runPasses(mlir::Operation*, mlir::AnalysisManager) /home/zhiqing/edazz/FeatureFuzz-SV/target/circt-1.139.0-src/llvm/mlir/lib/Pass/Pass.cpp:1123:3
#34 0x000055ab2f594f31 mlir::PassManager::run(mlir::Operation*) /home/zhiqing/edazz/FeatureFuzz-SV/target/circt-1.139.0-src/llvm/mlir/lib/Pass/Pass.cpp:1097:0
#35 0x000055ab2dfd9401 executeWithSources(mlir::MLIRContext*, llvm::SourceMgr&) /home/zhiqing/edazz/FeatureFuzz-SV/target/circt-1.139.0-src/tools/circt-verilog/circt-verilog.cpp:398:9
#36 0x000055ab2dfd5ed1 execute(mlir::MLIRContext*) /home/zhiqing/edazz/FeatureFuzz-SV/target/circt-1.139.0-src/tools/circt-verilog/circt-verilog.cpp:475:10
#37 0x000055ab2dfd532f main /home/zhiqing/edazz/FeatureFuzz-SV/target/circt-1.139.0-src/tools/circt-verilog/circt-verilog.cpp:528:15
#38 0x00007f1bdcb5c1ca __libc_start_call_main ./csu/../sysdeps/nptl/libc_start_call_main.h:74:3
#39 0x00007f1bdcb5c28b call_init ./csu/../csu/libc-start.c:128:20
#40 0x00007f1bdcb5c28b __libc_start_main ./csu/../csu/libc-start.c:347:5
#41 0x000055ab2dfd4795 _start (/edazz/FeatureFuzz-SV/target/circt-1.139.0/bin/circt-verilog+0x1627795)
timeout: the monitored command dumped core
