arcilator: /home/zhiqing/edazz/FeatureFuzz-SV/target/circt-1.139.0-src/llvm/llvm/include/llvm/Support/Casting.h:566: decltype(auto) llvm::cast(From &) [To = mlir::IntegerType, From = mlir::Type]: Assertion `isa<To>(Val) && "cast<Ty>() argument of incompatible type!"' failed.
PLEASE submit a bug report to https://github.com/llvm/llvm-project/issues/ and include the crash backtrace and instructions to reproduce the bug.
Stack dump:
0.	Program arguments: /edazz/FeatureFuzz-SV/target/circt-1.139.0/bin/arcilator
 #0 0x0000555cece2323f llvm::sys::PrintStackTrace(llvm::raw_ostream&, int) /home/zhiqing/edazz/FeatureFuzz-SV/target/circt-1.139.0-src/llvm/llvm/lib/Support/Unix/Signals.inc:842:13
 #1 0x0000555cece24379 llvm::sys::RunSignalHandlers() /home/zhiqing/edazz/FeatureFuzz-SV/target/circt-1.139.0-src/llvm/llvm/lib/Support/Signals.cpp:109:18
 #2 0x0000555cece24379 SignalHandler(int, siginfo_t*, void*) /home/zhiqing/edazz/FeatureFuzz-SV/target/circt-1.139.0-src/llvm/llvm/lib/Support/Unix/Signals.inc:412:3
 #3 0x00007fa9d4b23330 (/lib/x86_64-linux-gnu/libc.so.6+0x45330)
 #4 0x00007fa9d4b7cb2c __pthread_kill_implementation ./nptl/pthread_kill.c:44:76
 #5 0x00007fa9d4b7cb2c __pthread_kill_internal ./nptl/pthread_kill.c:78:10
 #6 0x00007fa9d4b7cb2c pthread_kill ./nptl/pthread_kill.c:89:10
 #7 0x00007fa9d4b2327e raise ./signal/../sysdeps/posix/raise.c:27:6
 #8 0x00007fa9d4b068ff abort ./stdlib/abort.c:81:7
 #9 0x00007fa9d4b0681b _nl_load_domain ./intl/loadmsgcat.c:1177:9
#10 0x00007fa9d4b19517 (/lib/x86_64-linux-gnu/libc.so.6+0x3b517)
#11 0x0000555cedf74f42 (/edazz/FeatureFuzz-SV/target/circt-1.139.0/bin/arcilator+0x87d5f42)
#12 0x0000555cedf84a5f circt::hw::ConstantOp::create(mlir::OpBuilder&, mlir::Location, mlir::Type, long) /home/zhiqing/edazz/FeatureFuzz-SV/target/circt-1.139.0-src/build/tools/circt/include/circt/Dialect/HW/HW.cpp.inc:2591:55
#13 0x0000555ced5cb382 mlir::Operation::getOpResultImpl(unsigned int) /home/zhiqing/edazz/FeatureFuzz-SV/target/circt-1.139.0-src/llvm/llvm/../mlir/include/mlir/IR/Operation.h:1010:25
#14 0x0000555ced5cb382 mlir::Operation::getResult(unsigned int) /home/zhiqing/edazz/FeatureFuzz-SV/target/circt-1.139.0-src/llvm/llvm/../mlir/include/mlir/IR/Operation.h:407:54
#15 0x0000555ced5cb382 mlir::OpTrait::OneTypedResult<circt::hw::TypeVariant<mlir::IntegerType, circt::hw::IntType>>::Impl<circt::hw::ConstantOp>::getResult() /home/zhiqing/edazz/FeatureFuzz-SV/target/circt-1.139.0-src/llvm/llvm/../mlir/include/mlir/IR/OpDefinition.h:707:33
#16 0x0000555ced5cb382 mlir::OpTrait::OneTypedResult<circt::hw::TypeVariant<mlir::IntegerType, circt::hw::IntType>>::Impl<circt::hw::ConstantOp>::operator mlir::detail::TypedValue<circt::hw::TypeVariant<mlir::IntegerType, circt::hw::IntType>>() /home/zhiqing/edazz/FeatureFuzz-SV/target/circt-1.139.0-src/llvm/llvm/../mlir/include/mlir/IR/OpDefinition.h:712:54
#17 0x0000555ced5cb382 applyEnableTransformation(circt::arc::DefineOp, circt::arc::StateOp, llvm::ArrayRef<(anonymous namespace)::EnableInfo>) /home/zhiqing/edazz/FeatureFuzz-SV/target/circt-1.139.0-src/lib/Dialect/Arc/Transforms/InferStateProperties.cpp:211:55
