; ModuleID = 'LLVMDialectModule'
source_filename = "LLVMDialectModule"

declare void @exit(i32)

define void @top_arc_eval(ptr %0) {
  %2 = load i64, ptr %0, align 4
  %3 = trunc i64 %2 to i1
  %4 = getelementptr i8, ptr %0, i32 40
  %5 = load i1, ptr %4, align 1
  store i1 %3, ptr %4, align 1
  %6 = xor i1 %5, %3
  %7 = and i1 %6, %3
  br i1 %7, label %8, label %18

8:                                                ; preds = %1
  %9 = getelementptr i8, ptr %0, i32 16
  %10 = load i192, ptr %9, align 4
  %11 = load i64, ptr %0, align 4
  %12 = lshr i192 %10, 2
  %13 = trunc i192 %12 to i6
  %14 = lshr i64 %11, 32
  %15 = trunc i64 %14 to i1
  %16 = select i1 %15, i6 %13, i6 0
  %17 = getelementptr i8, ptr %0, i32 41
  store i6 %16, ptr %17, align 1
  br label %18

18:                                               ; preds = %8, %1
  %19 = getelementptr i8, ptr %0, i32 41
  %20 = load i6, ptr %19, align 1
  %21 = zext i6 %20 to i192
  %22 = getelementptr i8, ptr %0, i32 48
  store i192 %21, ptr %22, align 4
  ret void
}

!llvm.module.flags = !{!0}

!0 = !{i32 2, !"Debug Info Version", i32 3}
